d:\vs\agv\agv\x64\debug\vc143.pdb
d:\vs\agv\agv\x64\debug\vc143.idb
d:\vs\agv\agv\x64\debug\warehouse_map.obj
d:\vs\agv\agv\x64\debug\agv project.ilk
d:\vs\agv\agv\x64\debug\agv.obj
d:\vs\agv\agv\x64\debug\a路径.obj
d:\vs\agv\agv\x64\debug\main.obj
d:\vs\agv\agv\x64\debug\agv project.res
d:\vs\agv\x64\debug\agv project.pdb
d:\vs\agv\agv\x64\debug\agv project.tlog\cl.command.1.tlog
d:\vs\agv\agv\x64\debug\agv project.tlog\cl.items.tlog
d:\vs\agv\agv\x64\debug\agv project.tlog\cl.read.1.tlog
d:\vs\agv\agv\x64\debug\agv project.tlog\cl.write.1.tlog
d:\vs\agv\agv\x64\debug\agv project.tlog\link.35352-cvtres.read.1.tlog
d:\vs\agv\agv\x64\debug\agv project.tlog\link.35352-cvtres.write.1.tlog
d:\vs\agv\agv\x64\debug\agv project.tlog\link.35352-rc.read.1.tlog
d:\vs\agv\agv\x64\debug\agv project.tlog\link.35352-rc.write.1.tlog
d:\vs\agv\agv\x64\debug\agv project.tlog\link.35352.read.1.tlog
d:\vs\agv\agv\x64\debug\agv project.tlog\link.35352.read.2.tlog
d:\vs\agv\agv\x64\debug\agv project.tlog\link.35352.read.3.tlog
d:\vs\agv\agv\x64\debug\agv project.tlog\link.35352.read.4.tlog
d:\vs\agv\agv\x64\debug\agv project.tlog\link.35352.write.1.tlog
d:\vs\agv\agv\x64\debug\agv project.tlog\link.command.1.tlog
d:\vs\agv\agv\x64\debug\agv project.tlog\link.read.1.tlog
d:\vs\agv\agv\x64\debug\agv project.tlog\link.secondary.1.tlog
d:\vs\agv\agv\x64\debug\agv project.tlog\link.write.1.tlog
d:\vs\agv\agv\x64\debug\agv project.tlog\rc.command.1.tlog
